02
* Load previous model
* Load patterns
* Load training data
   1000 sequences loaded
   2000 sequences loaded
   3000 sequences loaded
   4000 sequences loaded
   5000 sequences loaded
   6000 sequences loaded
   7000 sequences loaded
   8000 sequences loaded
   9000 sequences loaded
  10000 sequences loaded
  11000 sequences loaded
  12000 sequences loaded
  13000 sequences loaded
  14000 sequences loaded
  15000 sequences loaded
  16000 sequences loaded
  17000 sequences loaded
  18000 sequences loaded
  19000 sequences loaded
  20000 sequences loaded
  21000 sequences loaded
  22000 sequences loaded
  23000 sequences loaded
  24000 sequences loaded
  25000 sequences loaded
  26000 sequences loaded
  27000 sequences loaded
  28000 sequences loaded
  29000 sequences loaded
  30000 sequences loaded
  31000 sequences loaded
  32000 sequences loaded
  33000 sequences loaded
  34000 sequences loaded
  35000 sequences loaded
  36000 sequences loaded
  37000 sequences loaded
  38000 sequences loaded
  39000 sequences loaded
  40000 sequences loaded
* Resync the model
* Summary
    nb train:    40722
    nb labels:   2
    nb blocks:   1585213
    nb features: 5273914
* Train the model with l-bfgs
  [   1] obj=8725.02    act=141367   err= 0.18%/ 1.91% time=2.84s/2.84s
  [   2] obj=8518.51    act=139414   err= 0.19%/ 1.91% time=1.19s/4.04s
  [   3] obj=8240.78    act=138952   err= 0.17%/ 1.80% time=1.22s/5.26s
  [   4] obj=7978.27    act=135843   err= 0.17%/ 1.85% time=1.26s/6.51s
  [   5] obj=7763.55    act=140585   err= 0.16%/ 1.75% time=1.26s/7.78s
  [   6] obj=7659.86    act=139866   err= 0.16%/ 1.72% time=1.22s/9.00s
  [   7] obj=7316.93    act=134370   err= 0.15%/ 1.62% time=1.23s/10.23s
  [   8] obj=6919.81    act=129533   err= 0.13%/ 1.42% time=1.25s/11.48s
  [   9] obj=6641.04    act=130523   err= 0.11%/ 1.26% time=1.22s/12.70s
  [  10] obj=6375.80    act=128242   err= 0.10%/ 1.09% time=1.23s/13.93s
  [  11] obj=5953.40    act=123224   err= 0.08%/ 0.87% time=1.22s/15.16s
  [  12] obj=5668.68    act=119167   err= 0.07%/ 0.74% time=1.23s/16.39s
  [  13] obj=5347.27    act=114456   err= 0.05%/ 0.58% time=1.24s/17.63s
  [  14] obj=5068.68    act=108004   err= 0.04%/ 0.44% time=1.22s/18.85s
  [  15] obj=4839.81    act=106319   err= 0.03%/ 0.29% time=1.23s/20.08s
  [  16] obj=4568.57    act=97905    err= 0.02%/ 0.23% time=1.23s/21.31s
  [  17] obj=4266.82    act=88298    err= 0.01%/ 0.17% time=1.23s/22.54s
  [  18] obj=3847.04    act=75428    err= 0.02%/ 0.19% time=1.23s/23.77s
  [  19] obj=3202.91    act=59027    err= 0.02%/ 0.24% time=1.23s/25.00s
* Compacting the model
    - Scan the model
    - Compact it
     1561203 observations removed
     5165196 features removed
* Save the model
* Done
03
* Load previous model
* Load patterns
* Load training data
   1000 sequences loaded
   2000 sequences loaded
   3000 sequences loaded
   4000 sequences loaded
   5000 sequences loaded
   6000 sequences loaded
   7000 sequences loaded
   8000 sequences loaded
   9000 sequences loaded
  10000 sequences loaded
  11000 sequences loaded
  12000 sequences loaded
  13000 sequences loaded
  14000 sequences loaded
  15000 sequences loaded
  16000 sequences loaded
  17000 sequences loaded
  18000 sequences loaded
  19000 sequences loaded
  20000 sequences loaded
  21000 sequences loaded
  22000 sequences loaded
  23000 sequences loaded
  24000 sequences loaded
  25000 sequences loaded
  26000 sequences loaded
  27000 sequences loaded
  28000 sequences loaded
  29000 sequences loaded
  30000 sequences loaded
  31000 sequences loaded
  32000 sequences loaded
  33000 sequences loaded
  34000 sequences loaded
  35000 sequences loaded
  36000 sequences loaded
  37000 sequences loaded
  38000 sequences loaded
  39000 sequences loaded
  40000 sequences loaded
  41000 sequences loaded
* Resync the model
* Summary
    nb train:    41469
    nb labels:   2
    nb blocks:   1522949
    nb features: 5051628
* Train the model with l-bfgs
  [   1] obj=8244.83    act=88799    err= 0.22%/ 2.38% time=3.49s/3.49s
  [   2] obj=8056.42    act=92049    err= 0.22%/ 2.35% time=1.36s/4.86s
  [   3] obj=7458.82    act=88183    err= 0.19%/ 2.10% time=1.40s/6.25s
  [   4] obj=7076.58    act=88860    err= 0.18%/ 1.97% time=1.43s/7.68s
  [   5] obj=6832.41    act=93028    err= 0.17%/ 1.82% time=1.45s/9.13s
  [   6] obj=6690.15    act=92367    err= 0.16%/ 1.73% time=1.49s/10.62s
  [   7] obj=6464.71    act=90656    err= 0.16%/ 1.68% time=1.48s/12.10s
  [   8] obj=6196.68    act=90574    err= 0.14%/ 1.55% time=1.48s/13.58s
  [   9] obj=5833.49    act=89598    err= 0.14%/ 1.50% time=1.47s/15.05s
  [  10] obj=5469.45    act=89793    err= 0.13%/ 1.38% time=1.48s/16.53s
  [  11] obj=5182.36    act=94081    err= 0.11%/ 1.21% time=1.48s/18.00s
  [  12] obj=4859.48    act=91789    err= 0.10%/ 1.07% time=1.48s/19.48s
  [  13] obj=4489.67    act=88834    err= 0.09%/ 0.96% time=1.47s/20.95s
  [  14] obj=4213.80    act=89797    err= 0.07%/ 0.75% time=1.48s/22.43s
  [  15] obj=4058.99    act=90070    err= 0.06%/ 0.63% time=1.47s/23.90s
  [  16] obj=3745.76    act=84073    err= 0.04%/ 0.49% time=1.47s/25.37s
  [  17] obj=3597.94    act=85043    err= 0.04%/ 0.40% time=1.47s/26.85s
  [  18] obj=3455.21    act=83085    err= 0.03%/ 0.34% time=1.48s/28.32s
  [  19] obj=3275.31    act=76097    err= 0.02%/ 0.22% time=1.47s/29.79s
  [  20] obj=3207.43    act=75536    err= 0.02%/ 0.23% time=1.47s/31.27s
  [  21] obj=3144.41    act=74205    err= 0.02%/ 0.19% time=1.47s/32.74s
* Compacting the model
    - Scan the model
    - Compact it
     1493630 observations removed
     4919180 features removed
* Save the model
* Done
04
* Load previous model
* Load patterns
* Load training data
   1000 sequences loaded
   2000 sequences loaded
   3000 sequences loaded
   4000 sequences loaded
   5000 sequences loaded
   6000 sequences loaded
   7000 sequences loaded
   8000 sequences loaded
   9000 sequences loaded
  10000 sequences loaded
  11000 sequences loaded
  12000 sequences loaded
  13000 sequences loaded
  14000 sequences loaded
  15000 sequences loaded
  16000 sequences loaded
  17000 sequences loaded
  18000 sequences loaded
  19000 sequences loaded
  20000 sequences loaded
  21000 sequences loaded
  22000 sequences loaded
  23000 sequences loaded
  24000 sequences loaded
  25000 sequences loaded
  26000 sequences loaded
  27000 sequences loaded
  28000 sequences loaded
  29000 sequences loaded
  30000 sequences loaded
  31000 sequences loaded
  32000 sequences loaded
  33000 sequences loaded
  34000 sequences loaded
  35000 sequences loaded
  36000 sequences loaded
  37000 sequences loaded
* Resync the model
* Summary
    nb train:    37384
    nb labels:   2
    nb blocks:   1323833
    nb features: 4404468
* Train the model with l-bfgs
  [   1] obj=8104.63    act=102734   err= 0.22%/ 2.25% time=3.73s/3.73s
  [   2] obj=8059.04    act=100489   err= 0.25%/ 2.58% time=1.43s/5.16s
  [   3] obj=7606.70    act=111083   err= 0.21%/ 2.16% time=2.64s/7.80s
  [   4] obj=7405.96    act=111757   err= 0.19%/ 1.92% time=1.49s/9.29s
  [   5] obj=7235.78    act=109697   err= 0.19%/ 1.95% time=1.52s/10.81s
  [   6] obj=6824.79    act=106118   err= 0.18%/ 1.89% time=1.53s/12.34s
  [   7] obj=6670.56    act=101502   err= 0.21%/ 2.16% time=1.53s/13.86s
  [   8] obj=6100.29    act=107069   err= 0.15%/ 1.59% time=2.72s/16.58s
  [   9] obj=5841.20    act=105287   err= 0.15%/ 1.57% time=2.71s/19.29s
  [  10] obj=5577.27    act=105097   err= 0.13%/ 1.38% time=1.54s/20.83s
  [  11] obj=5121.00    act=101994   err= 0.12%/ 1.24% time=1.53s/22.36s
  [  12] obj=4688.26    act=100509   err= 0.09%/ 1.02% time=1.53s/23.89s
  [  13] obj=4309.84    act=100347   err= 0.07%/ 0.80% time=1.53s/25.42s
  [  14] obj=4048.83    act=98741    err= 0.06%/ 0.66% time=1.53s/26.95s
  [  15] obj=3671.41    act=94689    err= 0.05%/ 0.51% time=1.53s/28.48s
  [  16] obj=3463.90    act=94388    err= 0.03%/ 0.38% time=1.53s/30.01s
  [  17] obj=3253.35    act=88698    err= 0.02%/ 0.28% time=1.53s/31.54s
  [  18] obj=3166.02    act=87115    err= 0.02%/ 0.21% time=1.56s/33.10s
  [  19] obj=3091.47    act=84016    err= 0.02%/ 0.18% time=1.53s/34.63s
  [  20] obj=2997.57    act=79557    err= 0.01%/ 0.13% time=1.53s/36.16s
  [  21] obj=2890.65    act=73999    err= 0.01%/ 0.12% time=1.53s/37.69s
* Compacting the model
    - Scan the model
    - Compact it
     1294634 observations removed
     4273492 features removed
* Save the model
* Done
05
* Load previous model
* Load patterns
* Load training data
   1000 sequences loaded
   2000 sequences loaded
   3000 sequences loaded
   4000 sequences loaded
   5000 sequences loaded
   6000 sequences loaded
   7000 sequences loaded
   8000 sequences loaded
   9000 sequences loaded
  10000 sequences loaded
  11000 sequences loaded
  12000 sequences loaded
  13000 sequences loaded
  14000 sequences loaded
  15000 sequences loaded
  16000 sequences loaded
  17000 sequences loaded
  18000 sequences loaded
  19000 sequences loaded
  20000 sequences loaded
  21000 sequences loaded
  22000 sequences loaded
  23000 sequences loaded
  24000 sequences loaded
  25000 sequences loaded
  26000 sequences loaded
  27000 sequences loaded
  28000 sequences loaded
  29000 sequences loaded
  30000 sequences loaded
  31000 sequences loaded
  32000 sequences loaded
  33000 sequences loaded
  34000 sequences loaded
  35000 sequences loaded
  36000 sequences loaded
* Resync the model
* Summary
    nb train:    36459
    nb labels:   2
    nb blocks:   1258844
    nb features: 4199692
* Train the model with l-bfgs
  [   1] obj=7565.96    act=102098   err= 0.24%/ 2.19% time=4.08s/4.08s
  [   2] obj=7446.86    act=103834   err= 0.23%/ 2.16% time=1.54s/5.62s
  [   3] obj=6989.88    act=102474   err= 0.23%/ 2.03% time=1.56s/7.17s
  [   4] obj=6451.40    act=102882   err= 0.20%/ 1.85% time=1.59s/8.76s
  [   5] obj=6108.20    act=104420   err= 0.19%/ 1.73% time=1.65s/10.41s
  [   6] obj=5662.73    act=104796   err= 0.17%/ 1.55% time=1.64s/12.05s
  [   7] obj=5263.25    act=105929   err= 0.15%/ 1.38% time=1.63s/13.68s
  [   8] obj=4852.45    act=106060   err= 0.13%/ 1.21% time=1.64s/15.32s
  [   9] obj=4428.76    act=105558   err= 0.10%/ 0.99% time=1.64s/16.96s
  [  10] obj=4029.26    act=103728   err= 0.09%/ 0.88% time=1.64s/18.60s
  [  11] obj=3768.36    act=104325   err= 0.07%/ 0.65% time=1.64s/20.23s
  [  12] obj=3543.69    act=101711   err= 0.05%/ 0.49% time=1.64s/21.87s
  [  13] obj=3316.68    act=97275    err= 0.03%/ 0.31% time=1.64s/23.52s
  [  14] obj=3187.12    act=94970    err= 0.03%/ 0.24% time=1.63s/25.15s
  [  15] obj=3038.03    act=92101    err= 0.02%/ 0.15% time=1.64s/26.79s
  [  16] obj=2947.61    act=89266    err= 0.01%/ 0.11% time=1.64s/28.42s
  [  17] obj=2850.78    act=84209    err= 0.01%/ 0.08% time=1.63s/30.06s
  [  18] obj=2755.21    act=80062    err= 0.01%/ 0.05% time=1.64s/31.69s
* Compacting the model
    - Scan the model
    - Compact it
     1227584 observations removed
     4060064 features removed
* Save the model
* Done
06
* Load previous model
* Load patterns
* Load training data
   1000 sequences loaded
   2000 sequences loaded
   3000 sequences loaded
   4000 sequences loaded
   5000 sequences loaded
   6000 sequences loaded
   7000 sequences loaded
   8000 sequences loaded
   9000 sequences loaded
  10000 sequences loaded
  11000 sequences loaded
  12000 sequences loaded
  13000 sequences loaded
  14000 sequences loaded
  15000 sequences loaded
  16000 sequences loaded
  17000 sequences loaded
  18000 sequences loaded
  19000 sequences loaded
  20000 sequences loaded
  21000 sequences loaded
  22000 sequences loaded
  23000 sequences loaded
  24000 sequences loaded
  25000 sequences loaded
  26000 sequences loaded
  27000 sequences loaded
  28000 sequences loaded
  29000 sequences loaded
  30000 sequences loaded
  31000 sequences loaded
  32000 sequences loaded
  33000 sequences loaded
  34000 sequences loaded
  35000 sequences loaded
  36000 sequences loaded
  37000 sequences loaded
  38000 sequences loaded
* Resync the model
* Summary
    nb train:    38384
    nb labels:   2
    nb blocks:   1352032
    nb features: 4454428
* Train the model with l-bfgs
  [   1] obj=7554.89    act=109201   err= 0.24%/ 2.20% time=5.13s/5.13s
  [   2] obj=7406.77    act=111684   err= 0.23%/ 2.15% time=1.98s/7.11s
  [   3] obj=7242.57    act=110874   err= 0.23%/ 2.12% time=2.02s/9.13s
  [   4] obj=7132.84    act=106789   err= 0.28%/ 2.50% time=2.13s/11.26s
  [   5] obj=6461.53    act=116308   err= 0.21%/ 1.90% time=2.00s/13.26s
  [   6] obj=6066.58    act=117083   err= 0.20%/ 1.81% time=2.04s/15.30s
  [   7] obj=5780.35    act=114622   err= 0.19%/ 1.70% time=2.06s/17.36s
  [   8] obj=5276.48    act=110512   err= 0.16%/ 1.55% time=2.12s/19.48s
  [   9] obj=4875.71    act=114832   err= 0.13%/ 1.25% time=2.13s/21.61s
  [  10] obj=4661.04    act=114773   err= 0.12%/ 1.15% time=2.08s/23.70s
  [  11] obj=4221.75    act=111503   err= 0.09%/ 0.92% time=2.03s/25.73s
  [  12] obj=3870.09    act=108406   err= 0.09%/ 0.82% time=2.03s/27.76s
  [  13] obj=3598.60    act=108455   err= 0.06%/ 0.55% time=2.07s/29.83s
  [  14] obj=3342.90    act=105759   err= 0.04%/ 0.40% time=2.04s/31.86s
  [  15] obj=3148.74    act=104002   err= 0.03%/ 0.28% time=2.04s/33.90s
  [  16] obj=2970.17    act=99856    err= 0.02%/ 0.18% time=2.04s/35.94s
  [  17] obj=2873.31    act=96901    err= 0.01%/ 0.13% time=2.05s/37.99s
  [  18] obj=2808.45    act=94467    err= 0.01%/ 0.08% time=2.03s/40.02s
  [  19] obj=2753.27    act=91247    err= 0.01%/ 0.07% time=2.03s/42.05s
  [  20] obj=2678.37    act=87258    err= 0.00%/ 0.04% time=2.03s/44.09s
* Compacting the model
    - Scan the model
    - Compact it
     1318022 observations removed
     4303504 features removed
* Save the model
* Done
07
* Load previous model
* Load patterns
* Load training data
   1000 sequences loaded
   2000 sequences loaded
   3000 sequences loaded
   4000 sequences loaded
   5000 sequences loaded
   6000 sequences loaded
   7000 sequences loaded
   8000 sequences loaded
   9000 sequences loaded
  10000 sequences loaded
  11000 sequences loaded
  12000 sequences loaded
  13000 sequences loaded
  14000 sequences loaded
  15000 sequences loaded
  16000 sequences loaded
  17000 sequences loaded
  18000 sequences loaded
  19000 sequences loaded
  20000 sequences loaded
  21000 sequences loaded
  22000 sequences loaded
  23000 sequences loaded
  24000 sequences loaded
  25000 sequences loaded
  26000 sequences loaded
  27000 sequences loaded
  28000 sequences loaded
  29000 sequences loaded
  30000 sequences loaded
  31000 sequences loaded
  32000 sequences loaded
  33000 sequences loaded
  34000 sequences loaded
  35000 sequences loaded
  36000 sequences loaded
  37000 sequences loaded
  38000 sequences loaded
* Resync the model
* Summary
    nb train:    38928
    nb labels:   2
    nb blocks:   1282802
    nb features: 4223482
* Train the model with l-bfgs
  [   1] obj=8354.90    act=115914   err= 0.30%/ 2.61% time=5.62s/5.62s
  [   2] obj=8121.39    act=118088   err= 0.29%/ 2.46% time=2.09s/7.71s
  [   3] obj=7972.46    act=117528   err= 0.28%/ 2.46% time=2.11s/9.83s
  [   4] obj=7429.32    act=116023   err= 0.29%/ 2.51% time=2.15s/11.98s
  [   5] obj=7055.19    act=119040   err= 0.25%/ 2.26% time=2.16s/14.14s
  [   6] obj=6598.80    act=119081   err= 0.25%/ 2.25% time=2.19s/16.33s
  [   7] obj=6196.22    act=120635   err= 0.22%/ 1.95% time=2.19s/18.51s
  [   8] obj=5724.79    act=120143   err= 0.21%/ 1.84% time=2.20s/20.71s
  [   9] obj=5256.47    act=121731   err= 0.17%/ 1.54% time=2.19s/22.89s
  [  10] obj=4811.39    act=119892   err= 0.15%/ 1.35% time=2.18s/25.07s
  [  11] obj=4445.88    act=120839   err= 0.12%/ 1.10% time=2.18s/27.25s
  [  12] obj=4164.70    act=118264   err= 0.10%/ 0.95% time=2.18s/29.44s
  [  13] obj=3713.83    act=114569   err= 0.07%/ 0.65% time=2.21s/31.65s
  [  14] obj=3493.40    act=113253   err= 0.07%/ 0.59% time=2.18s/33.83s
  [  15] obj=3307.47    act=112305   err= 0.04%/ 0.41% time=2.19s/36.02s
  [  16] obj=3102.89    act=108396   err= 0.04%/ 0.31% time=2.18s/38.20s
  [  17] obj=2992.57    act=107533   err= 0.02%/ 0.21% time=2.18s/40.38s
  [  18] obj=2882.24    act=103971   err= 0.02%/ 0.15% time=2.19s/42.57s
  [  19] obj=2810.35    act=100844   err= 0.02%/ 0.14% time=2.19s/44.76s
  [  20] obj=2749.08    act=98855    err= 0.01%/ 0.09% time=2.18s/46.94s
  [  21] obj=2692.53    act=95699    err= 0.01%/ 0.07% time=2.19s/49.13s
* Compacting the model
    - Scan the model
    - Compact it
     1245844 observations removed
     4060768 features removed
* Save the model
* Done
08
* Load previous model
* Load patterns
* Load training data
   1000 sequences loaded
   2000 sequences loaded
   3000 sequences loaded
   4000 sequences loaded
   5000 sequences loaded
   6000 sequences loaded
   7000 sequences loaded
   8000 sequences loaded
   9000 sequences loaded
  10000 sequences loaded
  11000 sequences loaded
  12000 sequences loaded
  13000 sequences loaded
  14000 sequences loaded
  15000 sequences loaded
  16000 sequences loaded
  17000 sequences loaded
  18000 sequences loaded
  19000 sequences loaded
  20000 sequences loaded
  21000 sequences loaded
  22000 sequences loaded
  23000 sequences loaded
  24000 sequences loaded
  25000 sequences loaded
  26000 sequences loaded
  27000 sequences loaded
  28000 sequences loaded
  29000 sequences loaded
  30000 sequences loaded
  31000 sequences loaded
  32000 sequences loaded
  33000 sequences loaded
  34000 sequences loaded
  35000 sequences loaded
  36000 sequences loaded
  37000 sequences loaded
  38000 sequences loaded
  39000 sequences loaded
  40000 sequences loaded
  41000 sequences loaded
  42000 sequences loaded
  43000 sequences loaded
  44000 sequences loaded
  45000 sequences loaded
  46000 sequences loaded
  47000 sequences loaded
* Resync the model
* Summary
    nb train:    47896
    nb labels:   2
    nb blocks:   1557832
    nb features: 5098220
* Train the model with l-bfgs
  [   1] obj=9702.11    act=129839   err= 0.26%/ 2.18% time=10.13s/10.13s
  [   2] obj=9464.45    act=129592   err= 0.25%/ 2.18% time=2.85s/12.98s
  [   3] obj=9219.93    act=131575   err= 0.24%/ 2.09% time=2.87s/15.85s
  [   4] obj=8880.90    act=131858   err= 0.24%/ 2.09% time=2.90s/18.75s
  [   5] obj=8521.92    act=134066   err= 0.23%/ 2.04% time=2.93s/21.68s
  [   6] obj=7949.89    act=133191   err= 0.22%/ 1.95% time=2.95s/24.63s
  [   7] obj=7274.15    act=134542   err= 0.21%/ 1.80% time=2.95s/27.58s
  [   8] obj=6766.86    act=136009   err= 0.18%/ 1.64% time=2.95s/30.53s
  [   9] obj=6352.69    act=136947   err= 0.17%/ 1.49% time=2.95s/33.48s
  [  10] obj=5756.64    act=134322   err= 0.14%/ 1.26% time=2.96s/36.44s
  [  11] obj=5089.17    act=131714   err= 0.11%/ 1.05% time=2.98s/39.42s
  [  12] obj=4676.09    act=132060   err= 0.10%/ 0.98% time=2.95s/42.37s
  [  13] obj=4317.19    act=132999   err= 0.08%/ 0.77% time=2.95s/45.32s
  [  14] obj=3883.88    act=129215   err= 0.06%/ 0.62% time=2.95s/48.27s
  [  15] obj=3580.90    act=126652   err= 0.05%/ 0.47% time=2.95s/51.22s
  [  16] obj=3309.12    act=124043   err= 0.04%/ 0.35% time=2.95s/54.17s
  [  17] obj=3140.17    act=121868   err= 0.03%/ 0.27% time=2.96s/57.13s
  [  18] obj=2988.88    act=117930   err= 0.02%/ 0.20% time=2.96s/60.09s
  [  19] obj=2870.22    act=114848   err= 0.01%/ 0.11% time=2.97s/63.06s
  [  20] obj=2797.10    act=111711   err= 0.01%/ 0.09% time=2.97s/66.03s
  [  21] obj=2748.23    act=109760   err= 0.01%/ 0.08% time=2.96s/68.98s
  [  22] obj=2675.19    act=105782   err= 0.00%/ 0.05% time=2.96s/71.94s
* Compacting the model
    - Scan the model
    - Compact it
     1517201 observations removed
     4919496 features removed
* Save the model
* Done
02
* Load previous model
* Load patterns
* Load training data
   1000 sequences loaded
   2000 sequences loaded
   3000 sequences loaded
   4000 sequences loaded
   5000 sequences loaded
   6000 sequences loaded
   7000 sequences loaded
   8000 sequences loaded
   9000 sequences loaded
  10000 sequences loaded
  11000 sequences loaded
  12000 sequences loaded
  13000 sequences loaded
  14000 sequences loaded
  15000 sequences loaded
  16000 sequences loaded
  17000 sequences loaded
  18000 sequences loaded
  19000 sequences loaded
  20000 sequences loaded
  21000 sequences loaded
  22000 sequences loaded
  23000 sequences loaded
  24000 sequences loaded
  25000 sequences loaded
  26000 sequences loaded
  27000 sequences loaded
  28000 sequences loaded
  29000 sequences loaded
  30000 sequences loaded
  31000 sequences loaded
  32000 sequences loaded
  33000 sequences loaded
  34000 sequences loaded
  35000 sequences loaded
  36000 sequences loaded
  37000 sequences loaded
  38000 sequences loaded
  39000 sequences loaded
  40000 sequences loaded
  41000 sequences loaded
  42000 sequences loaded
  43000 sequences loaded
  44000 sequences loaded
  45000 sequences loaded
  46000 sequences loaded
  47000 sequences loaded
  48000 sequences loaded
  49000 sequences loaded
  50000 sequences loaded
  51000 sequences loaded
  52000 sequences loaded
  53000 sequences loaded
  54000 sequences loaded
  55000 sequences loaded
  56000 sequences loaded
  57000 sequences loaded
  58000 sequences loaded
  59000 sequences loaded
  60000 sequences loaded
  61000 sequences loaded
  62000 sequences loaded
  63000 sequences loaded
  64000 sequences loaded
  65000 sequences loaded
  66000 sequences loaded
  67000 sequences loaded
  68000 sequences loaded
  69000 sequences loaded
  70000 sequences loaded
  71000 sequences loaded
  72000 sequences loaded
  73000 sequences loaded
  74000 sequences loaded
  75000 sequences loaded
  76000 sequences loaded
  77000 sequences loaded
  78000 sequences loaded
  79000 sequences loaded
  80000 sequences loaded
  81000 sequences loaded
  82000 sequences loaded
  83000 sequences loaded
  84000 sequences loaded
  85000 sequences loaded
  86000 sequences loaded
  87000 sequences loaded
  88000 sequences loaded
  89000 sequences loaded
  90000 sequences loaded
  91000 sequences loaded
  92000 sequences loaded
  93000 sequences loaded
  94000 sequences loaded
  95000 sequences loaded
  96000 sequences loaded
  97000 sequences loaded
  98000 sequences loaded
  99000 sequences loaded
 100000 sequences loaded
 101000 sequences loaded
 102000 sequences loaded
 103000 sequences loaded
 104000 sequences loaded
 105000 sequences loaded
 106000 sequences loaded
 107000 sequences loaded
 108000 sequences loaded
 109000 sequences loaded
 110000 sequences loaded
 111000 sequences loaded
 112000 sequences loaded
 113000 sequences loaded
 114000 sequences loaded
 115000 sequences loaded
 116000 sequences loaded
 117000 sequences loaded
 118000 sequences loaded
 119000 sequences loaded
* Resync the model
* Summary
    nb train:    119575
    nb labels:   2
    nb blocks:   3656194
    nb features: 11428040
* Train the model with l-bfgs
  [   1] obj=18288.08   act=180557   err= 0.24%/ 2.37% time=5.54s/5.54s
  [   2] obj=17676.57   act=207112   err= 0.22%/ 2.15% time=3.29s/8.82s
  [   3] obj=16528.51   act=212684   err= 0.19%/ 2.00% time=3.33s/12.15s
  [   4] obj=16294.93   act=205885   err= 0.19%/ 1.99% time=3.51s/15.66s
  [   5] obj=16004.27   act=198093   err= 0.19%/ 1.98% time=3.28s/18.94s
  [   6] obj=15419.87   act=188221   err= 0.18%/ 1.91% time=3.39s/22.32s
  [   7] obj=15124.21   act=196598   err= 0.18%/ 1.91% time=5.69s/28.01s
* Compacting the model
    - Scan the model
    - Compact it
     3582415 observations removed
    11104098 features removed
* Save the model
* Done
03
* Load previous model
* Load patterns
* Load training data
   1000 sequences loaded
   2000 sequences loaded
   3000 sequences loaded
   4000 sequences loaded
   5000 sequences loaded
   6000 sequences loaded
   7000 sequences loaded
   8000 sequences loaded
   9000 sequences loaded
  10000 sequences loaded
  11000 sequences loaded
  12000 sequences loaded
  13000 sequences loaded
  14000 sequences loaded
  15000 sequences loaded
  16000 sequences loaded
  17000 sequences loaded
  18000 sequences loaded
  19000 sequences loaded
  20000 sequences loaded
  21000 sequences loaded
  22000 sequences loaded
  23000 sequences loaded
  24000 sequences loaded
  25000 sequences loaded
  26000 sequences loaded
  27000 sequences loaded
  28000 sequences loaded
  29000 sequences loaded
  30000 sequences loaded
  31000 sequences loaded
  32000 sequences loaded
  33000 sequences loaded
  34000 sequences loaded
  35000 sequences loaded
  36000 sequences loaded
  37000 sequences loaded
  38000 sequences loaded
  39000 sequences loaded
  40000 sequences loaded
  41000 sequences loaded
  42000 sequences loaded
  43000 sequences loaded
  44000 sequences loaded
  45000 sequences loaded
  46000 sequences loaded
  47000 sequences loaded
  48000 sequences loaded
  49000 sequences loaded
  50000 sequences loaded
  51000 sequences loaded
  52000 sequences loaded
  53000 sequences loaded
  54000 sequences loaded
  55000 sequences loaded
  56000 sequences loaded
  57000 sequences loaded
  58000 sequences loaded
  59000 sequences loaded
  60000 sequences loaded
  61000 sequences loaded
  62000 sequences loaded
  63000 sequences loaded
  64000 sequences loaded
  65000 sequences loaded
  66000 sequences loaded
  67000 sequences loaded
  68000 sequences loaded
  69000 sequences loaded
  70000 sequences loaded
  71000 sequences loaded
  72000 sequences loaded
  73000 sequences loaded
  74000 sequences loaded
  75000 sequences loaded
  76000 sequences loaded
  77000 sequences loaded
  78000 sequences loaded
  79000 sequences loaded
  80000 sequences loaded
  81000 sequences loaded
  82000 sequences loaded
  83000 sequences loaded
  84000 sequences loaded
  85000 sequences loaded
  86000 sequences loaded
  87000 sequences loaded
  88000 sequences loaded
  89000 sequences loaded
  90000 sequences loaded
  91000 sequences loaded
  92000 sequences loaded
  93000 sequences loaded
  94000 sequences loaded
  95000 sequences loaded
  96000 sequences loaded
  97000 sequences loaded
  98000 sequences loaded
  99000 sequences loaded
 100000 sequences loaded
 101000 sequences loaded
 102000 sequences loaded
 103000 sequences loaded
 104000 sequences loaded
 105000 sequences loaded
 106000 sequences loaded
 107000 sequences loaded
 108000 sequences loaded
 109000 sequences loaded
 110000 sequences loaded
 111000 sequences loaded
 112000 sequences loaded
 113000 sequences loaded
* Resync the model
* Summary
    nb train:    113771
    nb labels:   2
    nb blocks:   3146602
    nb features: 9748004
* Train the model with l-bfgs
  [   1] obj=21192.66   act=261102   err= 0.31%/ 2.67% time=8.64s/8.64s
  [   2] obj=20482.98   act=260468   err= 0.30%/ 2.60% time=3.34s/11.98s
  [   3] obj=19442.24   act=251667   err= 0.28%/ 2.45% time=3.43s/15.41s
  [   4] obj=19202.17   act=253692   err= 0.28%/ 2.46% time=3.48s/18.90s
  [   5] obj=18900.72   act=257343   err= 0.28%/ 2.44% time=3.75s/22.64s
  [   6] obj=18637.69   act=254363   err= 0.27%/ 2.41% time=3.91s/26.55s
  [   7] obj=17272.67   act=239599   err= 0.25%/ 2.28% time=3.61s/30.16s
  [   8] obj=16611.78   act=243519   err= 0.24%/ 2.18% time=3.63s/33.79s
  [   9] obj=15988.59   act=243476   err= 0.23%/ 2.10% time=3.62s/37.41s
  [  10] obj=15229.21   act=237131   err= 0.22%/ 2.00% time=3.61s/41.02s
  [  11] obj=14050.50   act=225804   err= 0.20%/ 1.82% time=3.61s/44.64s
  [  12] obj=13045.75   act=203230   err= 0.18%/ 1.71% time=3.62s/48.25s
  [  13] obj=12064.99   act=204872   err= 0.17%/ 1.56% time=3.62s/51.87s
  [  14] obj=10984.11   act=200094   err= 0.15%/ 1.38% time=3.62s/55.49s
  [  15] obj=9925.87    act=197940   err= 0.13%/ 1.19% time=3.61s/59.11s
  [  16] obj=9303.44    act=195343   err= 0.11%/ 1.05% time=3.63s/62.73s
  [  17] obj=8547.08    act=189208   err= 0.09%/ 0.84% time=3.62s/66.35s
  [  18] obj=7865.02    act=180044   err= 0.08%/ 0.69% time=3.62s/69.97s
  [  19] obj=7421.74    act=178800   err= 0.06%/ 0.56% time=3.64s/73.61s
  [  20] obj=6994.26    act=173711   err= 0.05%/ 0.45% time=3.61s/77.23s
  [  21] obj=6537.33    act=164597   err= 0.03%/ 0.32% time=3.61s/80.84s
  [  22] obj=6398.01    act=154361   err= 0.05%/ 0.41% time=3.62s/84.45s
  [  23] obj=6085.27    act=153430   err= 0.03%/ 0.25% time=3.62s/88.07s
  [  24] obj=5918.41    act=148973   err= 0.02%/ 0.21% time=3.63s/91.69s
  [  25] obj=5586.09    act=137316   err= 0.02%/ 0.18% time=3.61s/95.30s
  [  26] obj=5517.36    act=138683   err= 0.02%/ 0.16% time=6.38s/101.68s
  [  27] obj=5416.91    act=135506   err= 0.01%/ 0.14% time=3.61s/105.29s
* Compacting the model
    - Scan the model
    - Compact it
     3094391 observations removed
     9520544 features removed
* Save the model
* Done
04
* Load previous model
* Load patterns
* Load training data
   1000 sequences loaded
   2000 sequences loaded
   3000 sequences loaded
   4000 sequences loaded
   5000 sequences loaded
   6000 sequences loaded
   7000 sequences loaded
   8000 sequences loaded
   9000 sequences loaded
  10000 sequences loaded
  11000 sequences loaded
  12000 sequences loaded
  13000 sequences loaded
  14000 sequences loaded
  15000 sequences loaded
  16000 sequences loaded
  17000 sequences loaded
  18000 sequences loaded
  19000 sequences loaded
  20000 sequences loaded
  21000 sequences loaded
  22000 sequences loaded
  23000 sequences loaded
  24000 sequences loaded
  25000 sequences loaded
  26000 sequences loaded
  27000 sequences loaded
  28000 sequences loaded
  29000 sequences loaded
  30000 sequences loaded
  31000 sequences loaded
  32000 sequences loaded
  33000 sequences loaded
  34000 sequences loaded
  35000 sequences loaded
  36000 sequences loaded
  37000 sequences loaded
  38000 sequences loaded
  39000 sequences loaded
  40000 sequences loaded
  41000 sequences loaded
  42000 sequences loaded
  43000 sequences loaded
  44000 sequences loaded
  45000 sequences loaded
  46000 sequences loaded
  47000 sequences loaded
  48000 sequences loaded
  49000 sequences loaded
  50000 sequences loaded
  51000 sequences loaded
  52000 sequences loaded
  53000 sequences loaded
  54000 sequences loaded
  55000 sequences loaded
  56000 sequences loaded
  57000 sequences loaded
  58000 sequences loaded
  59000 sequences loaded
  60000 sequences loaded
  61000 sequences loaded
  62000 sequences loaded
  63000 sequences loaded
  64000 sequences loaded
  65000 sequences loaded
  66000 sequences loaded
  67000 sequences loaded
  68000 sequences loaded
  69000 sequences loaded
  70000 sequences loaded
  71000 sequences loaded
  72000 sequences loaded
  73000 sequences loaded
  74000 sequences loaded
  75000 sequences loaded
  76000 sequences loaded
  77000 sequences loaded
  78000 sequences loaded
  79000 sequences loaded
  80000 sequences loaded
  81000 sequences loaded
  82000 sequences loaded
  83000 sequences loaded
  84000 sequences loaded
  85000 sequences loaded
  86000 sequences loaded
  87000 sequences loaded
  88000 sequences loaded
  89000 sequences loaded
  90000 sequences loaded
  91000 sequences loaded
  92000 sequences loaded
  93000 sequences loaded
  94000 sequences loaded
  95000 sequences loaded
  96000 sequences loaded
  97000 sequences loaded
  98000 sequences loaded
  99000 sequences loaded
 100000 sequences loaded
 101000 sequences loaded
 102000 sequences loaded
 103000 sequences loaded
 104000 sequences loaded
 105000 sequences loaded
 106000 sequences loaded
 107000 sequences loaded
 108000 sequences loaded
 109000 sequences loaded
 110000 sequences loaded
 111000 sequences loaded
 112000 sequences loaded
 113000 sequences loaded
 114000 sequences loaded
 115000 sequences loaded
 116000 sequences loaded
 117000 sequences loaded
 118000 sequences loaded
 119000 sequences loaded
 120000 sequences loaded
 121000 sequences loaded
 122000 sequences loaded
 123000 sequences loaded
 124000 sequences loaded
 125000 sequences loaded
 126000 sequences loaded
 127000 sequences loaded
 128000 sequences loaded
 129000 sequences loaded
 130000 sequences loaded
* Resync the model
* Summary
    nb train:    130736
    nb labels:   2
    nb blocks:   3327853
    nb features: 10298484
* Train the model with l-bfgs
  [   1] obj=20335.89   act=197880   err= 0.26%/ 2.24% time=11.71s/11.71s
  [   2] obj=20056.73   act=206260   err= 0.25%/ 2.18% time=4.97s/16.68s
  [   3] obj=19881.46   act=204661   err= 0.25%/ 2.16% time=4.76s/21.45s
  [   4] obj=19098.99   act=198480   err= 0.25%/ 2.17% time=4.83s/26.28s
  [   5] obj=18670.69   act=206878   err= 0.24%/ 2.10% time=8.70s/34.98s
  [   6] obj=18168.78   act=208099   err= 0.24%/ 2.04% time=4.87s/39.85s
* Compacting the model
    - Scan the model
    - Compact it
     3249437 observations removed
     9963354 features removed
* Save the model
* Done
05
* Load previous model
* Load patterns
* Load training data
   1000 sequences loaded
   2000 sequences loaded
   3000 sequences loaded
   4000 sequences loaded
   5000 sequences loaded
   6000 sequences loaded
   7000 sequences loaded
   8000 sequences loaded
   9000 sequences loaded
  10000 sequences loaded
  11000 sequences loaded
  12000 sequences loaded
  13000 sequences loaded
  14000 sequences loaded
  15000 sequences loaded
  16000 sequences loaded
  17000 sequences loaded
  18000 sequences loaded
  19000 sequences loaded
  20000 sequences loaded
  21000 sequences loaded
  22000 sequences loaded
  23000 sequences loaded
  24000 sequences loaded
  25000 sequences loaded
  26000 sequences loaded
  27000 sequences loaded
  28000 sequences loaded
  29000 sequences loaded
  30000 sequences loaded
  31000 sequences loaded
  32000 sequences loaded
  33000 sequences loaded
  34000 sequences loaded
  35000 sequences loaded
  36000 sequences loaded
  37000 sequences loaded
  38000 sequences loaded
  39000 sequences loaded
  40000 sequences loaded
  41000 sequences loaded
  42000 sequences loaded
  43000 sequences loaded
  44000 sequences loaded
  45000 sequences loaded
  46000 sequences loaded
  47000 sequences loaded
  48000 sequences loaded
  49000 sequences loaded
  50000 sequences loaded
  51000 sequences loaded
  52000 sequences loaded
  53000 sequences loaded
  54000 sequences loaded
  55000 sequences loaded
  56000 sequences loaded
  57000 sequences loaded
  58000 sequences loaded
  59000 sequences loaded
  60000 sequences loaded
  61000 sequences loaded
  62000 sequences loaded
  63000 sequences loaded
  64000 sequences loaded
  65000 sequences loaded
  66000 sequences loaded
  67000 sequences loaded
  68000 sequences loaded
  69000 sequences loaded
  70000 sequences loaded
  71000 sequences loaded
  72000 sequences loaded
  73000 sequences loaded
  74000 sequences loaded
  75000 sequences loaded
  76000 sequences loaded
  77000 sequences loaded
  78000 sequences loaded
  79000 sequences loaded
  80000 sequences loaded
  81000 sequences loaded
  82000 sequences loaded
  83000 sequences loaded
  84000 sequences loaded
  85000 sequences loaded
  86000 sequences loaded
  87000 sequences loaded
  88000 sequences loaded
  89000 sequences loaded
  90000 sequences loaded
  91000 sequences loaded
  92000 sequences loaded
  93000 sequences loaded
  94000 sequences loaded
  95000 sequences loaded
  96000 sequences loaded
  97000 sequences loaded
  98000 sequences loaded
  99000 sequences loaded
 100000 sequences loaded
 101000 sequences loaded
 102000 sequences loaded
 103000 sequences loaded
 104000 sequences loaded
 105000 sequences loaded
 106000 sequences loaded
 107000 sequences loaded
 108000 sequences loaded
 109000 sequences loaded
 110000 sequences loaded
 111000 sequences loaded
 112000 sequences loaded
 113000 sequences loaded
 114000 sequences loaded
 115000 sequences loaded
 116000 sequences loaded
 117000 sequences loaded
 118000 sequences loaded
 119000 sequences loaded
 120000 sequences loaded
 121000 sequences loaded
 122000 sequences loaded
 123000 sequences loaded
 124000 sequences loaded
 125000 sequences loaded
 126000 sequences loaded
 127000 sequences loaded
 128000 sequences loaded
 129000 sequences loaded
 130000 sequences loaded
 131000 sequences loaded
 132000 sequences loaded
 133000 sequences loaded
 134000 sequences loaded
 135000 sequences loaded
 136000 sequences loaded
 137000 sequences loaded
 138000 sequences loaded
 139000 sequences loaded
 140000 sequences loaded
 141000 sequences loaded
 142000 sequences loaded
 143000 sequences loaded
 144000 sequences loaded
 145000 sequences loaded
 146000 sequences loaded
 147000 sequences loaded
 148000 sequences loaded
 149000 sequences loaded
 150000 sequences loaded
 151000 sequences loaded
 152000 sequences loaded
 153000 sequences loaded
 154000 sequences loaded
 155000 sequences loaded
 156000 sequences loaded
 157000 sequences loaded
 158000 sequences loaded
 159000 sequences loaded
* Resync the model
* Summary
    nb train:    159963
    nb labels:   2
    nb blocks:   4169373
    nb features: 12643442
* Train the model with l-bfgs
  [   1] obj=32892.08   act=285501   err= 0.32%/ 2.94% time=18.67s/18.67s
  [   2] obj=32090.40   act=287990   err= 0.32%/ 3.02% time=6.95s/25.62s
  [   3] obj=31368.38   act=290667   err= 0.31%/ 2.84% time=12.95s/38.57s
  [   4] obj=31275.66   act=288070   err= 0.31%/ 2.96% time=7.11s/45.68s
  [   5] obj=30664.54   act=286580   err= 0.30%/ 2.76% time=13.12s/58.80s
  [   6] obj=30105.20   act=285102   err= 0.29%/ 2.75% time=13.14s/71.94s
  [   7] obj=29581.43   act=282007   err= 0.29%/ 2.73% time=7.13s/79.07s
  [   8] obj=28600.82   act=282167   err= 0.28%/ 2.64% time=7.13s/86.20s
  [   9] obj=27761.40   act=283828   err= 0.27%/ 2.53% time=7.13s/93.33s
  [  10] obj=26731.46   act=280078   err= 0.27%/ 2.51% time=7.13s/100.46s
  [  11] obj=25634.32   act=275766   err= 0.27%/ 2.55% time=7.14s/107.60s
  [  12] obj=24329.42   act=278670   err= 0.26%/ 2.41% time=7.40s/115.00s
  [  13] obj=23703.81   act=278901   err= 0.24%/ 2.31% time=7.37s/122.37s
  [  14] obj=22146.71   act=269887   err= 0.24%/ 2.24% time=7.32s/129.68s
  [  15] obj=20416.62   act=261629   err= 0.22%/ 2.07% time=7.20s/136.88s
  [  16] obj=18495.23   act=238452   err= 0.21%/ 2.00% time=7.13s/144.01s
  [  17] obj=16393.45   act=243300   err= 0.18%/ 1.69% time=7.13s/151.14s
  [  18] obj=14821.63   act=242046   err= 0.16%/ 1.54% time=7.12s/158.27s
  [  19] obj=13266.21   act=243936   err= 0.13%/ 1.30% time=7.14s/165.40s
  [  20] obj=11798.69   act=240112   err= 0.12%/ 1.12% time=7.13s/172.53s
  [  21] obj=10808.25   act=240925   err= 0.09%/ 0.91% time=7.13s/179.66s
  [  22] obj=9899.91    act=233273   err= 0.08%/ 0.82% time=7.14s/186.80s
  [  23] obj=9002.61    act=222362   err= 0.07%/ 0.64% time=7.14s/193.94s
  [  24] obj=8321.54    act=216357   err= 0.06%/ 0.54% time=7.13s/201.08s
  [  25] obj=7786.64    act=212732   err= 0.04%/ 0.44% time=7.13s/208.21s
  [  26] obj=7417.09    act=204618   err= 0.04%/ 0.37% time=7.13s/215.34s
  [  27] obj=7146.14    act=200799   err= 0.03%/ 0.32% time=7.13s/222.46s
  [  28] obj=6792.36    act=193542   err= 0.03%/ 0.25% time=7.14s/229.60s
  [  29] obj=6636.41    act=186367   err= 0.03%/ 0.27% time=7.13s/236.74s
* Compacting the model
    - Scan the model
    - Compact it
     4098084 observations removed
    12337220 features removed
* Save the model
* Done
06
* Load previous model
* Load patterns
* Load training data
   1000 sequences loaded
   2000 sequences loaded
   3000 sequences loaded
   4000 sequences loaded
   5000 sequences loaded
   6000 sequences loaded
   7000 sequences loaded
   8000 sequences loaded
   9000 sequences loaded
  10000 sequences loaded
  11000 sequences loaded
  12000 sequences loaded
  13000 sequences loaded
  14000 sequences loaded
  15000 sequences loaded
  16000 sequences loaded
  17000 sequences loaded
  18000 sequences loaded
  19000 sequences loaded
  20000 sequences loaded
  21000 sequences loaded
  22000 sequences loaded
  23000 sequences loaded
  24000 sequences loaded
  25000 sequences loaded
  26000 sequences loaded
  27000 sequences loaded
  28000 sequences loaded
  29000 sequences loaded
  30000 sequences loaded
  31000 sequences loaded
  32000 sequences loaded
  33000 sequences loaded
  34000 sequences loaded
  35000 sequences loaded
  36000 sequences loaded
  37000 sequences loaded
  38000 sequences loaded
  39000 sequences loaded
  40000 sequences loaded
  41000 sequences loaded
  42000 sequences loaded
  43000 sequences loaded
  44000 sequences loaded
  45000 sequences loaded
  46000 sequences loaded
  47000 sequences loaded
  48000 sequences loaded
  49000 sequences loaded
  50000 sequences loaded
  51000 sequences loaded
  52000 sequences loaded
  53000 sequences loaded
  54000 sequences loaded
  55000 sequences loaded
  56000 sequences loaded
  57000 sequences loaded
  58000 sequences loaded
  59000 sequences loaded
  60000 sequences loaded
  61000 sequences loaded
  62000 sequences loaded
  63000 sequences loaded
  64000 sequences loaded
  65000 sequences loaded
  66000 sequences loaded
  67000 sequences loaded
  68000 sequences loaded
  69000 sequences loaded
  70000 sequences loaded
  71000 sequences loaded
  72000 sequences loaded
  73000 sequences loaded
  74000 sequences loaded
  75000 sequences loaded
  76000 sequences loaded
  77000 sequences loaded
  78000 sequences loaded
  79000 sequences loaded
  80000 sequences loaded
  81000 sequences loaded
  82000 sequences loaded
  83000 sequences loaded
  84000 sequences loaded
  85000 sequences loaded
  86000 sequences loaded
  87000 sequences loaded
  88000 sequences loaded
  89000 sequences loaded
  90000 sequences loaded
  91000 sequences loaded
  92000 sequences loaded
  93000 sequences loaded
  94000 sequences loaded
  95000 sequences loaded
  96000 sequences loaded
  97000 sequences loaded
  98000 sequences loaded
  99000 sequences loaded
 100000 sequences loaded
 101000 sequences loaded
 102000 sequences loaded
 103000 sequences loaded
 104000 sequences loaded
 105000 sequences loaded
 106000 sequences loaded
 107000 sequences loaded
 108000 sequences loaded
 109000 sequences loaded
 110000 sequences loaded
 111000 sequences loaded
 112000 sequences loaded
 113000 sequences loaded
 114000 sequences loaded
 115000 sequences loaded
 116000 sequences loaded
 117000 sequences loaded
 118000 sequences loaded
 119000 sequences loaded
 120000 sequences loaded
 121000 sequences loaded
 122000 sequences loaded
 123000 sequences loaded
 124000 sequences loaded
 125000 sequences loaded
 126000 sequences loaded
 127000 sequences loaded
 128000 sequences loaded
 129000 sequences loaded
 130000 sequences loaded
 131000 sequences loaded
 132000 sequences loaded
 133000 sequences loaded
 134000 sequences loaded
 135000 sequences loaded
 136000 sequences loaded
 137000 sequences loaded
 138000 sequences loaded
 139000 sequences loaded
 140000 sequences loaded
 141000 sequences loaded
 142000 sequences loaded
 143000 sequences loaded
 144000 sequences loaded
 145000 sequences loaded
 146000 sequences loaded
 147000 sequences loaded
 148000 sequences loaded
 149000 sequences loaded
 150000 sequences loaded
 151000 sequences loaded
 152000 sequences loaded
 153000 sequences loaded
 154000 sequences loaded
 155000 sequences loaded
 156000 sequences loaded
 157000 sequences loaded
 158000 sequences loaded
 159000 sequences loaded
 160000 sequences loaded
 161000 sequences loaded
 162000 sequences loaded
 163000 sequences loaded
 164000 sequences loaded
 165000 sequences loaded
 166000 sequences loaded
 167000 sequences loaded
 168000 sequences loaded
 169000 sequences loaded
 170000 sequences loaded
 171000 sequences loaded
 172000 sequences loaded
 173000 sequences loaded
 174000 sequences loaded
 175000 sequences loaded
 176000 sequences loaded
 177000 sequences loaded
 178000 sequences loaded
 179000 sequences loaded
 180000 sequences loaded
 181000 sequences loaded
 182000 sequences loaded
 183000 sequences loaded
 184000 sequences loaded
 185000 sequences loaded
 186000 sequences loaded
 187000 sequences loaded
 188000 sequences loaded
 189000 sequences loaded
* Resync the model
* Summary
    nb train:    189537
    nb labels:   2
    nb blocks:   4541147
    nb features: 13546710
* Train the model with l-bfgs
  [   1] obj=26152.35   act=260488   err= 0.22%/ 2.01% time=33.13s/33.13s
  [   2] obj=25970.92   act=261050   err= 0.22%/ 2.02% time=9.23s/42.36s
  [   3] obj=25665.62   act=262135   err= 0.22%/ 2.01% time=9.20s/51.56s
  [   4] obj=25009.82   act=262104   err= 0.22%/ 2.03% time=9.27s/60.83s
  [   5] obj=24703.39   act=267815   err= 0.22%/ 2.05% time=10.08s/70.92s
* Compacting the model
    - Scan the model
    - Compact it
     4440161 observations removed
    13120576 features removed
* Save the model
* Done
07
* Load previous model
* Load patterns
* Load training data
   1000 sequences loaded
   2000 sequences loaded
   3000 sequences loaded
   4000 sequences loaded
   5000 sequences loaded
   6000 sequences loaded
   7000 sequences loaded
   8000 sequences loaded
   9000 sequences loaded
  10000 sequences loaded
  11000 sequences loaded
  12000 sequences loaded
  13000 sequences loaded
  14000 sequences loaded
  15000 sequences loaded
  16000 sequences loaded
  17000 sequences loaded
  18000 sequences loaded
  19000 sequences loaded
  20000 sequences loaded
  21000 sequences loaded
  22000 sequences loaded
  23000 sequences loaded
  24000 sequences loaded
  25000 sequences loaded
  26000 sequences loaded
  27000 sequences loaded
  28000 sequences loaded
  29000 sequences loaded
  30000 sequences loaded
  31000 sequences loaded
  32000 sequences loaded
  33000 sequences loaded
  34000 sequences loaded
  35000 sequences loaded
  36000 sequences loaded
  37000 sequences loaded
  38000 sequences loaded
  39000 sequences loaded
  40000 sequences loaded
  41000 sequences loaded
  42000 sequences loaded
  43000 sequences loaded
  44000 sequences loaded
  45000 sequences loaded
  46000 sequences loaded
  47000 sequences loaded
  48000 sequences loaded
  49000 sequences loaded
  50000 sequences loaded
  51000 sequences loaded
  52000 sequences loaded
  53000 sequences loaded
  54000 sequences loaded
  55000 sequences loaded
  56000 sequences loaded
  57000 sequences loaded
  58000 sequences loaded
  59000 sequences loaded
  60000 sequences loaded
  61000 sequences loaded
  62000 sequences loaded
  63000 sequences loaded
  64000 sequences loaded
  65000 sequences loaded
  66000 sequences loaded
  67000 sequences loaded
  68000 sequences loaded
  69000 sequences loaded
  70000 sequences loaded
  71000 sequences loaded
  72000 sequences loaded
  73000 sequences loaded
  74000 sequences loaded
  75000 sequences loaded
  76000 sequences loaded
  77000 sequences loaded
  78000 sequences loaded
  79000 sequences loaded
  80000 sequences loaded
  81000 sequences loaded
  82000 sequences loaded
  83000 sequences loaded
  84000 sequences loaded
  85000 sequences loaded
  86000 sequences loaded
  87000 sequences loaded
  88000 sequences loaded
  89000 sequences loaded
  90000 sequences loaded
  91000 sequences loaded
  92000 sequences loaded
  93000 sequences loaded
  94000 sequences loaded
  95000 sequences loaded
  96000 sequences loaded
  97000 sequences loaded
  98000 sequences loaded
  99000 sequences loaded
 100000 sequences loaded
 101000 sequences loaded
 102000 sequences loaded
 103000 sequences loaded
 104000 sequences loaded
 105000 sequences loaded
 106000 sequences loaded
 107000 sequences loaded
 108000 sequences loaded
 109000 sequences loaded
 110000 sequences loaded
 111000 sequences loaded
 112000 sequences loaded
 113000 sequences loaded
 114000 sequences loaded
 115000 sequences loaded
 116000 sequences loaded
 117000 sequences loaded
 118000 sequences loaded
 119000 sequences loaded
 120000 sequences loaded
 121000 sequences loaded
 122000 sequences loaded
 123000 sequences loaded
 124000 sequences loaded
 125000 sequences loaded
 126000 sequences loaded
 127000 sequences loaded
 128000 sequences loaded
 129000 sequences loaded
 130000 sequences loaded
 131000 sequences loaded
 132000 sequences loaded
 133000 sequences loaded
 134000 sequences loaded
 135000 sequences loaded
 136000 sequences loaded
 137000 sequences loaded
 138000 sequences loaded
 139000 sequences loaded
 140000 sequences loaded
 141000 sequences loaded
 142000 sequences loaded
 143000 sequences loaded
 144000 sequences loaded
 145000 sequences loaded
 146000 sequences loaded
 147000 sequences loaded
 148000 sequences loaded
 149000 sequences loaded
 150000 sequences loaded
 151000 sequences loaded
 152000 sequences loaded
 153000 sequences loaded
 154000 sequences loaded
 155000 sequences loaded
 156000 sequences loaded
 157000 sequences loaded
 158000 sequences loaded
 159000 sequences loaded
 160000 sequences loaded
 161000 sequences loaded
 162000 sequences loaded
 163000 sequences loaded
 164000 sequences loaded
 165000 sequences loaded
 166000 sequences loaded
 167000 sequences loaded
 168000 sequences loaded
 169000 sequences loaded
 170000 sequences loaded
 171000 sequences loaded
 172000 sequences loaded
 173000 sequences loaded
 174000 sequences loaded
 175000 sequences loaded
 176000 sequences loaded
 177000 sequences loaded
 178000 sequences loaded
 179000 sequences loaded
 180000 sequences loaded
 181000 sequences loaded
 182000 sequences loaded
 183000 sequences loaded
 184000 sequences loaded
 185000 sequences loaded
 186000 sequences loaded
 187000 sequences loaded
 188000 sequences loaded
 189000 sequences loaded
 190000 sequences loaded
 191000 sequences loaded
 192000 sequences loaded
 193000 sequences loaded
 194000 sequences loaded
 195000 sequences loaded
 196000 sequences loaded
 197000 sequences loaded
 198000 sequences loaded
 199000 sequences loaded
* Resync the model
* Summary
    nb train:    199245
    nb labels:   2
    nb blocks:   5318116
    nb features: 15924546
* Train the model with l-bfgs
  [   1] obj=41522.19   act=369044   err= 0.32%/ 2.86% time=180.73s/180.73s
  [   2] obj=41123.52   act=366861   err= 0.32%/ 2.85% time=82.26s/262.99s
  [   3] obj=40485.27   act=365281   err= 0.31%/ 2.79% time=104.68s/367.67s
  [   4] obj=39282.54   act=361473   err= 0.30%/ 2.70% time=119.98s/487.64s
  [   5] obj=38250.55   act=358889   err= 0.29%/ 2.66% time=143.49s/631.13s
  [   6] obj=37005.24   act=356654   err= 0.30%/ 2.66% time=152.59s/783.72s
  [   7] obj=35781.06   act=356071   err= 0.28%/ 2.58% time=146.41s/930.14s
  [   8] obj=34418.58   act=356086   err= 0.28%/ 2.56% time=142.89s/1073.03s
* Compacting the model
    - Scan the model
    - Compact it
     5184406 observations removed
    15365914 features removed
* Save the model
* Done
08
* Load previous model
* Load patterns
* Load training data
   1000 sequences loaded
   2000 sequences loaded
   3000 sequences loaded
   4000 sequences loaded
   5000 sequences loaded
   6000 sequences loaded
   7000 sequences loaded
   8000 sequences loaded
   9000 sequences loaded
  10000 sequences loaded
  11000 sequences loaded
  12000 sequences loaded
  13000 sequences loaded
  14000 sequences loaded
  15000 sequences loaded
  16000 sequences loaded
  17000 sequences loaded
  18000 sequences loaded
  19000 sequences loaded
  20000 sequences loaded
  21000 sequences loaded
  22000 sequences loaded
  23000 sequences loaded
  24000 sequences loaded
  25000 sequences loaded
  26000 sequences loaded
  27000 sequences loaded
  28000 sequences loaded
  29000 sequences loaded
  30000 sequences loaded
  31000 sequences loaded
  32000 sequences loaded
  33000 sequences loaded
  34000 sequences loaded
  35000 sequences loaded
  36000 sequences loaded
  37000 sequences loaded
  38000 sequences loaded
  39000 sequences loaded
  40000 sequences loaded
  41000 sequences loaded
  42000 sequences loaded
  43000 sequences loaded
  44000 sequences loaded
  45000 sequences loaded
  46000 sequences loaded
  47000 sequences loaded
  48000 sequences loaded
  49000 sequences loaded
  50000 sequences loaded
  51000 sequences loaded
  52000 sequences loaded
  53000 sequences loaded
  54000 sequences loaded
  55000 sequences loaded
  56000 sequences loaded
  57000 sequences loaded
  58000 sequences loaded
  59000 sequences loaded
  60000 sequences loaded
  61000 sequences loaded
  62000 sequences loaded
  63000 sequences loaded
  64000 sequences loaded
  65000 sequences loaded
  66000 sequences loaded
  67000 sequences loaded
  68000 sequences loaded
  69000 sequences loaded
  70000 sequences loaded
  71000 sequences loaded
  72000 sequences loaded
  73000 sequences loaded
  74000 sequences loaded
  75000 sequences loaded
  76000 sequences loaded
  77000 sequences loaded
  78000 sequences loaded
  79000 sequences loaded
  80000 sequences loaded
  81000 sequences loaded
  82000 sequences loaded
  83000 sequences loaded
  84000 sequences loaded
  85000 sequences loaded
  86000 sequences loaded
  87000 sequences loaded
  88000 sequences loaded
  89000 sequences loaded
  90000 sequences loaded
  91000 sequences loaded
  92000 sequences loaded
  93000 sequences loaded
  94000 sequences loaded
  95000 sequences loaded
  96000 sequences loaded
  97000 sequences loaded
  98000 sequences loaded
  99000 sequences loaded
 100000 sequences loaded
 101000 sequences loaded
 102000 sequences loaded
 103000 sequences loaded
 104000 sequences loaded
 105000 sequences loaded
 106000 sequences loaded
 107000 sequences loaded
 108000 sequences loaded
 109000 sequences loaded
 110000 sequences loaded
 111000 sequences loaded
 112000 sequences loaded
 113000 sequences loaded
 114000 sequences loaded
 115000 sequences loaded
 116000 sequences loaded
 117000 sequences loaded
 118000 sequences loaded
 119000 sequences loaded
 120000 sequences loaded
 121000 sequences loaded
 122000 sequences loaded
 123000 sequences loaded
 124000 sequences loaded
 125000 sequences loaded
 126000 sequences loaded
 127000 sequences loaded
 128000 sequences loaded
 129000 sequences loaded
 130000 sequences loaded
 131000 sequences loaded
 132000 sequences loaded
 133000 sequences loaded
 134000 sequences loaded
 135000 sequences loaded
 136000 sequences loaded
 137000 sequences loaded
 138000 sequences loaded
 139000 sequences loaded
 140000 sequences loaded
 141000 sequences loaded
 142000 sequences loaded
 143000 sequences loaded
 144000 sequences loaded
 145000 sequences loaded
 146000 sequences loaded
 147000 sequences loaded
 148000 sequences loaded
 149000 sequences loaded
 150000 sequences loaded
 151000 sequences loaded
 152000 sequences loaded
 153000 sequences loaded
 154000 sequences loaded
 155000 sequences loaded
 156000 sequences loaded
 157000 sequences loaded
 158000 sequences loaded
 159000 sequences loaded
 160000 sequences loaded
 161000 sequences loaded
 162000 sequences loaded
 163000 sequences loaded
 164000 sequences loaded
 165000 sequences loaded
 166000 sequences loaded
 167000 sequences loaded
 168000 sequences loaded
 169000 sequences loaded
 170000 sequences loaded
 171000 sequences loaded
 172000 sequences loaded
 173000 sequences loaded
 174000 sequences loaded
 175000 sequences loaded
 176000 sequences loaded
 177000 sequences loaded
 178000 sequences loaded
 179000 sequences loaded
 180000 sequences loaded
 181000 sequences loaded
 182000 sequences loaded
 183000 sequences loaded
 184000 sequences loaded
 185000 sequences loaded
 186000 sequences loaded
 187000 sequences loaded
 188000 sequences loaded
 189000 sequences loaded
 190000 sequences loaded
 191000 sequences loaded
 192000 sequences loaded
 193000 sequences loaded
 194000 sequences loaded
 195000 sequences loaded
 196000 sequences loaded
 197000 sequences loaded
 198000 sequences loaded
 199000 sequences loaded
 200000 sequences loaded
 201000 sequences loaded
 202000 sequences loaded
 203000 sequences loaded
 204000 sequences loaded
 205000 sequences loaded
 206000 sequences loaded
 207000 sequences loaded
 208000 sequences loaded
 209000 sequences loaded
 210000 sequences loaded
 211000 sequences loaded
 212000 sequences loaded
 213000 sequences loaded
 214000 sequences loaded
 215000 sequences loaded
 216000 sequences loaded
 217000 sequences loaded
 218000 sequences loaded
 219000 sequences loaded
 220000 sequences loaded
 221000 sequences loaded
 222000 sequences loaded
 223000 sequences loaded
 224000 sequences loaded
 225000 sequences loaded
 226000 sequences loaded
 227000 sequences loaded
 228000 sequences loaded
 229000 sequences loaded
 230000 sequences loaded
 231000 sequences loaded
 232000 sequences loaded
 233000 sequences loaded
 234000 sequences loaded
 235000 sequences loaded
 236000 sequences loaded
 237000 sequences loaded
 238000 sequences loaded
 239000 sequences loaded
 240000 sequences loaded
 241000 sequences loaded
 242000 sequences loaded
 243000 sequences loaded
 244000 sequences loaded
 245000 sequences loaded
 246000 sequences loaded
 247000 sequences loaded
 248000 sequences loaded
 249000 sequences loaded
 250000 sequences loaded
 251000 sequences loaded
 252000 sequences loaded
 253000 sequences loaded
 254000 sequences loaded
 255000 sequences loaded
* Resync the model
* Summary
    nb train:    255071
    nb labels:   2
    nb blocks:   7535775
    nb features: 21705434
* Train the model with l-bfgs
  [   1] obj=70171.24   act=532734   err= 0.38%/ 3.87% time=1268.50s/1268.50s
  [   2] obj=69619.32   act=528479   err= 0.37%/ 3.82% time=515.61s/1784.11s
  [   3] obj=68783.87   act=526484   err= 0.36%/ 3.74% time=513.04s/2297.14s
  [   4] obj=66814.05   act=516931   err= 0.34%/ 3.57% time=578.07s/2875.21s
  [   5] obj=65312.08   act=514768   err= 0.33%/ 3.59% time=626.03s/3501.24s
  [   6] obj=64308.55   act=513852   err= 0.34%/ 3.65% time=690.73s/4191.97s
  [   7] obj=62934.21   act=521398   err= 0.33%/ 3.55% time=790.03s/4981.99s
  [   8] obj=61716.83   act=519836   err= 0.33%/ 3.50% time=828.92s/5810.92s
* Compacting the model
    - Scan the model
    - Compact it
     7340293 observations removed
    20903644 features removed
* Save the model
* Done
